2019-04-10 09:22:28.246 INFO  (main) [   ] o.e.j.u.log Logging initialized @1117ms to org.eclipse.jetty.util.log.Slf4jLog
2019-04-10 09:22:28.420 INFO  (main) [   ] o.e.j.s.Server jetty-9.4.11.v20180605; built: 2018-06-05T18:24:03.829Z; git: d5fc0523cfa96bfebfbda19606cad384d772f04c; jvm 1.8.0_144-b01
2019-04-10 09:22:28.451 INFO  (main) [   ] o.e.j.d.p.ScanningAppProvider Deployment monitor [file:///D:/solr-7.6.0/solr-7.6.0/server/contexts/] at interval 0
2019-04-10 09:22:28.907 INFO  (main) [   ] o.e.j.w.StandardDescriptorProcessor NO JSP Support for /solr, did not find org.apache.jasper.servlet.JspServlet
2019-04-10 09:22:28.915 INFO  (main) [   ] o.e.j.s.session DefaultSessionIdManager workerName=node0
2019-04-10 09:22:28.916 INFO  (main) [   ] o.e.j.s.session No SessionScavenger set, using defaults
2019-04-10 09:22:28.918 INFO  (main) [   ] o.e.j.s.session node0 Scavenging every 600000ms
2019-04-10 09:22:28.959 INFO  (main) [   ] o.a.s.u.c.SSLCredentialProviderFactory Processing SSL Credential Provider chain: env;sysprop
2019-04-10 09:22:29.009 INFO  (main) [   ] o.a.s.s.SolrDispatchFilter Using logger factory org.apache.logging.slf4j.Log4jLoggerFactory
2019-04-10 09:22:29.014 INFO  (main) [   ] o.a.s.s.SolrDispatchFilter  ___      _       Welcome to Apache Solr™ version 7.6.0
2019-04-10 09:22:29.014 INFO  (main) [   ] o.a.s.s.SolrDispatchFilter / __| ___| |_ _   Starting in standalone mode on port 8983
2019-04-10 09:22:29.014 INFO  (main) [   ] o.a.s.s.SolrDispatchFilter \__ \/ _ \ | '_|  Install dir: D:\solr-7.6.0\solr-7.6.0
2019-04-10 09:22:29.015 INFO  (main) [   ] o.a.s.s.SolrDispatchFilter |___/\___/_|_|    Start time: 2019-04-10T09:22:29.015Z
2019-04-10 09:22:29.040 INFO  (main) [   ] o.a.s.c.SolrResourceLoader Using system property solr.solr.home: D:\solr-7.6.0\solr-7.6.0\server\solr
2019-04-10 09:22:29.047 INFO  (main) [   ] o.a.s.c.SolrXmlConfig Loading container configuration from D:\solr-7.6.0\solr-7.6.0\server\solr\solr.xml
2019-04-10 09:22:29.107 INFO  (main) [   ] o.a.s.c.SolrXmlConfig MBean server found: com.sun.jmx.mbeanserver.JmxMBeanServer@6e38921c, but no JMX reporters were configured - adding default JMX reporter.
2019-04-10 09:22:30.146 INFO  (main) [   ] o.a.s.c.TransientSolrCoreCacheDefault Allocating transient cache for 2147483647 transient cores
2019-04-10 09:22:30.149 INFO  (main) [   ] o.a.s.h.a.MetricsHistoryHandler No .system collection, keeping metrics history in memory.
2019-04-10 09:22:30.231 INFO  (main) [   ] o.a.s.m.r.SolrJmxReporter JMX monitoring for 'solr.node' (registry 'solr.node') enabled at server: com.sun.jmx.mbeanserver.JmxMBeanServer@6e38921c
2019-04-10 09:22:30.231 INFO  (main) [   ] o.a.s.m.r.SolrJmxReporter JMX monitoring for 'solr.jvm' (registry 'solr.jvm') enabled at server: com.sun.jmx.mbeanserver.JmxMBeanServer@6e38921c
2019-04-10 09:22:30.239 INFO  (main) [   ] o.a.s.m.r.SolrJmxReporter JMX monitoring for 'solr.jetty' (registry 'solr.jetty') enabled at server: com.sun.jmx.mbeanserver.JmxMBeanServer@6e38921c
2019-04-10 09:22:30.290 INFO  (main) [   ] o.a.s.c.CorePropertiesLocator Found 2 core definitions underneath D:\solr-7.6.0\solr-7.6.0\server\solr
2019-04-10 09:22:30.291 INFO  (main) [   ] o.a.s.c.CorePropertiesLocator Cores are: [airlineClassificationFinal, twitterClassificationFinal]
2019-04-10 09:22:30.351 INFO  (coreLoadExecutor-9-thread-2) [   x:twitterClassificationFinal] o.a.s.c.SolrResourceLoader [twitterClassificationFinal] Added 58 libs to classloader, from paths: [/D:/solr-7.6.0/solr-7.6.0/contrib/clustering/lib, /D:/solr-7.6.0/solr-7.6.0/contrib/extraction/lib, /D:/solr-7.6.0/solr-7.6.0/contrib/langid/lib, /D:/solr-7.6.0/solr-7.6.0/contrib/velocity/lib, /D:/solr-7.6.0/solr-7.6.0/dist]
2019-04-10 09:22:30.351 INFO  (coreLoadExecutor-9-thread-1) [   x:airlineClassificationFinal] o.a.s.c.SolrResourceLoader [airlineClassificationFinal] Added 58 libs to classloader, from paths: [/D:/solr-7.6.0/solr-7.6.0/contrib/clustering/lib, /D:/solr-7.6.0/solr-7.6.0/contrib/extraction/lib, /D:/solr-7.6.0/solr-7.6.0/contrib/langid/lib, /D:/solr-7.6.0/solr-7.6.0/contrib/velocity/lib, /D:/solr-7.6.0/solr-7.6.0/dist]
2019-04-10 09:22:30.562 INFO  (coreLoadExecutor-9-thread-1) [   x:airlineClassificationFinal] o.a.s.c.SolrConfig Using Lucene MatchVersion: 7.6.0
2019-04-10 09:22:30.564 INFO  (coreLoadExecutor-9-thread-2) [   x:twitterClassificationFinal] o.a.s.c.SolrConfig Using Lucene MatchVersion: 7.6.0
2019-04-10 09:22:30.701 INFO  (main) [   ] o.e.j.s.h.ContextHandler Started o.e.j.w.WebAppContext@2e377400{/solr,file:///D:/solr-7.6.0/solr-7.6.0/server/solr-webapp/webapp/,AVAILABLE}{D:\solr-7.6.0\solr-7.6.0\server/solr-webapp/webapp}
2019-04-10 09:22:30.734 INFO  (main) [   ] o.e.j.s.AbstractConnector Started ServerConnector@6c6c5427{HTTP/1.1,[http/1.1]}{0.0.0.0:8983}
2019-04-10 09:22:30.735 INFO  (main) [   ] o.e.j.s.Server Started @3608ms
2019-04-10 09:22:30.737 INFO  (coreLoadExecutor-9-thread-1) [   x:airlineClassificationFinal] o.a.s.s.IndexSchema [airlineClassificationFinal] Schema name=default-config
2019-04-10 09:22:30.737 INFO  (coreLoadExecutor-9-thread-2) [   x:twitterClassificationFinal] o.a.s.s.IndexSchema [twitterClassificationFinal] Schema name=default-config
2019-04-10 09:22:30.968 INFO  (qtp296347592-17) [   ] o.a.s.s.HttpSolrCall [admin] webapp=null path=/admin/cores params={indexInfo=false&wt=json&_=1554887936536} status=0 QTime=7
2019-04-10 09:22:31.063 INFO  (qtp296347592-18) [   ] o.a.s.s.HttpSolrCall [admin] webapp=null path=/admin/info/system params={wt=json&_=1554887936536} status=0 QTime=98
2019-04-10 09:22:31.067 INFO  (qtp296347592-22) [   ] o.a.s.s.HttpSolrCall [admin] webapp=null path=/admin/info/system params={wt=json} status=0 QTime=156
2019-04-10 09:22:31.387 INFO  (coreLoadExecutor-9-thread-1) [   x:airlineClassificationFinal] o.a.s.s.IndexSchema Loaded schema default-config/1.6 with uniqueid field id
2019-04-10 09:22:31.387 INFO  (coreLoadExecutor-9-thread-2) [   x:twitterClassificationFinal] o.a.s.s.IndexSchema Loaded schema default-config/1.6 with uniqueid field id
2019-04-10 09:22:31.477 INFO  (coreLoadExecutor-9-thread-1) [   x:airlineClassificationFinal] o.a.s.c.CoreContainer Creating SolrCore 'airlineClassificationFinal' using configuration from instancedir D:\solr-7.6.0\solr-7.6.0\server\solr\airlineClassificationFinal, trusted=true
2019-04-10 09:22:31.478 INFO  (coreLoadExecutor-9-thread-2) [   x:twitterClassificationFinal] o.a.s.c.CoreContainer Creating SolrCore 'twitterClassificationFinal' using configuration from instancedir D:\solr-7.6.0\solr-7.6.0\server\solr\twitterClassificationFinal, trusted=true
2019-04-10 09:22:31.489 INFO  (coreLoadExecutor-9-thread-2) [   x:twitterClassificationFinal] o.a.s.m.r.SolrJmxReporter JMX monitoring for 'solr.core.twitterClassificationFinal' (registry 'solr.core.twitterClassificationFinal') enabled at server: com.sun.jmx.mbeanserver.JmxMBeanServer@6e38921c
2019-04-10 09:22:31.489 INFO  (coreLoadExecutor-9-thread-1) [   x:airlineClassificationFinal] o.a.s.m.r.SolrJmxReporter JMX monitoring for 'solr.core.airlineClassificationFinal' (registry 'solr.core.airlineClassificationFinal') enabled at server: com.sun.jmx.mbeanserver.JmxMBeanServer@6e38921c
2019-04-10 09:22:31.507 INFO  (coreLoadExecutor-9-thread-1) [   x:airlineClassificationFinal] o.a.s.c.SolrCore [[airlineClassificationFinal] ] Opening new SolrCore at [D:\solr-7.6.0\solr-7.6.0\server\solr\airlineClassificationFinal], dataDir=[D:\solr-7.6.0\solr-7.6.0\server\solr\airlineClassificationFinal\data\]
2019-04-10 09:22:31.507 INFO  (coreLoadExecutor-9-thread-2) [   x:twitterClassificationFinal] o.a.s.c.SolrCore [[twitterClassificationFinal] ] Opening new SolrCore at [D:\solr-7.6.0\solr-7.6.0\server\solr\twitterClassificationFinal], dataDir=[D:\solr-7.6.0\solr-7.6.0\server\solr\twitterClassificationFinal\data\]
2019-04-10 09:22:31.555 INFO  (coreLoadExecutor-9-thread-2) [   x:twitterClassificationFinal] o.a.s.r.XSLTResponseWriter xsltCacheLifetimeSeconds=5
2019-04-10 09:22:31.555 INFO  (coreLoadExecutor-9-thread-1) [   x:airlineClassificationFinal] o.a.s.r.XSLTResponseWriter xsltCacheLifetimeSeconds=5
2019-04-10 09:22:32.062 INFO  (coreLoadExecutor-9-thread-2) [   x:twitterClassificationFinal] o.a.s.u.UpdateHandler Using UpdateLog implementation: org.apache.solr.update.UpdateLog
2019-04-10 09:22:32.062 INFO  (coreLoadExecutor-9-thread-1) [   x:airlineClassificationFinal] o.a.s.u.UpdateHandler Using UpdateLog implementation: org.apache.solr.update.UpdateLog
2019-04-10 09:22:32.062 INFO  (coreLoadExecutor-9-thread-2) [   x:twitterClassificationFinal] o.a.s.u.UpdateLog Initializing UpdateLog: dataDir= defaultSyncLevel=FLUSH numRecordsToKeep=100 maxNumLogsToKeep=10 numVersionBuckets=65536
2019-04-10 09:22:32.062 INFO  (coreLoadExecutor-9-thread-1) [   x:airlineClassificationFinal] o.a.s.u.UpdateLog Initializing UpdateLog: dataDir= defaultSyncLevel=FLUSH numRecordsToKeep=100 maxNumLogsToKeep=10 numVersionBuckets=65536
2019-04-10 09:22:32.096 INFO  (coreLoadExecutor-9-thread-2) [   x:twitterClassificationFinal] o.a.s.u.CommitTracker Hard AutoCommit: if uncommitted for 15000ms; 
2019-04-10 09:22:32.096 INFO  (coreLoadExecutor-9-thread-1) [   x:airlineClassificationFinal] o.a.s.u.CommitTracker Hard AutoCommit: if uncommitted for 15000ms; 
2019-04-10 09:22:32.096 INFO  (coreLoadExecutor-9-thread-2) [   x:twitterClassificationFinal] o.a.s.u.CommitTracker Soft AutoCommit: disabled
2019-04-10 09:22:32.096 INFO  (coreLoadExecutor-9-thread-1) [   x:airlineClassificationFinal] o.a.s.u.CommitTracker Soft AutoCommit: disabled
2019-04-10 09:22:32.284 INFO  (coreLoadExecutor-9-thread-1) [   x:airlineClassificationFinal] o.a.s.s.SolrIndexSearcher Opening [Searcher@62a43623[airlineClassificationFinal] main]
2019-04-10 09:22:32.294 INFO  (coreLoadExecutor-9-thread-2) [   x:twitterClassificationFinal] o.a.s.s.SolrIndexSearcher Opening [Searcher@4cce54d6[twitterClassificationFinal] main]
2019-04-10 09:22:32.305 INFO  (coreLoadExecutor-9-thread-1) [   x:airlineClassificationFinal] o.a.s.r.ManagedResourceStorage File-based storage initialized to use dir: D:\solr-7.6.0\solr-7.6.0\server\solr\airlineClassificationFinal\conf
2019-04-10 09:22:32.305 INFO  (coreLoadExecutor-9-thread-2) [   x:twitterClassificationFinal] o.a.s.r.ManagedResourceStorage File-based storage initialized to use dir: D:\solr-7.6.0\solr-7.6.0\server\solr\twitterClassificationFinal\conf
2019-04-10 09:22:32.328 INFO  (coreLoadExecutor-9-thread-1) [   x:airlineClassificationFinal] o.a.s.h.c.SpellCheckComponent Initializing spell checkers
2019-04-10 09:22:32.328 INFO  (coreLoadExecutor-9-thread-2) [   x:twitterClassificationFinal] o.a.s.h.c.SpellCheckComponent Initializing spell checkers
2019-04-10 09:22:32.336 INFO  (coreLoadExecutor-9-thread-1) [   x:airlineClassificationFinal] o.a.s.s.DirectSolrSpellChecker init: {name=default,field=_text_,classname=solr.DirectSolrSpellChecker,distanceMeasure=internal,accuracy=0.5,maxEdits=2,minPrefix=1,maxInspections=5,minQueryLength=4,maxQueryFrequency=0.01}
2019-04-10 09:22:32.336 INFO  (coreLoadExecutor-9-thread-2) [   x:twitterClassificationFinal] o.a.s.s.DirectSolrSpellChecker init: {name=default,field=_text_,classname=solr.DirectSolrSpellChecker,distanceMeasure=internal,accuracy=0.5,maxEdits=2,minPrefix=1,maxInspections=5,minQueryLength=4,maxQueryFrequency=0.01}
2019-04-10 09:22:32.349 INFO  (coreLoadExecutor-9-thread-1) [   x:airlineClassificationFinal] o.a.s.h.ReplicationHandler Commits will be reserved for 10000ms.
2019-04-10 09:22:32.349 INFO  (coreLoadExecutor-9-thread-2) [   x:twitterClassificationFinal] o.a.s.h.ReplicationHandler Commits will be reserved for 10000ms.
2019-04-10 09:22:32.349 INFO  (searcherExecutor-10-thread-1-processing-x:airlineClassificationFinal) [   x:airlineClassificationFinal] o.a.s.c.QuerySenderListener QuerySenderListener sending requests to Searcher@62a43623[airlineClassificationFinal] main{ExitableDirectoryReader(UninvertingDirectoryReader(Uninverting(_3tu(7.6.0):C3952) Uninverting(_44e(7.6.0):c343) Uninverting(_44f(7.6.0):C1)))}
2019-04-10 09:22:32.350 INFO  (searcherExecutor-10-thread-1-processing-x:airlineClassificationFinal) [   x:airlineClassificationFinal] o.a.s.c.QuerySenderListener QuerySenderListener done.
2019-04-10 09:22:32.349 INFO  (searcherExecutor-11-thread-1-processing-x:twitterClassificationFinal) [   x:twitterClassificationFinal] o.a.s.c.QuerySenderListener QuerySenderListener sending requests to Searcher@4cce54d6[twitterClassificationFinal] main{ExitableDirectoryReader(UninvertingDirectoryReader(Uninverting(_dov(7.6.0):C14428) Uninverting(_g61(7.6.0):C2890) Uninverting(_g62(7.6.0):C1) Uninverting(_g63(7.6.0):C1) Uninverting(_g64(7.6.0):C1) Uninverting(_g65(7.6.0):C1) Uninverting(_g66(7.6.0):C1) Uninverting(_g67(7.6.0):C1) Uninverting(_g68(7.6.0):C1)))}
2019-04-10 09:22:32.350 INFO  (searcherExecutor-10-thread-1-processing-x:airlineClassificationFinal) [   x:airlineClassificationFinal] o.a.s.h.c.SpellCheckComponent Loading spell index for spellchecker: default
2019-04-10 09:22:32.350 INFO  (searcherExecutor-11-thread-1-processing-x:twitterClassificationFinal) [   x:twitterClassificationFinal] o.a.s.c.QuerySenderListener QuerySenderListener done.
2019-04-10 09:22:32.350 INFO  (searcherExecutor-11-thread-1-processing-x:twitterClassificationFinal) [   x:twitterClassificationFinal] o.a.s.h.c.SpellCheckComponent Loading spell index for spellchecker: default
2019-04-10 09:22:32.356 INFO  (searcherExecutor-10-thread-1-processing-x:airlineClassificationFinal) [   x:airlineClassificationFinal] o.a.s.c.SolrCore [airlineClassificationFinal] Registered new searcher Searcher@62a43623[airlineClassificationFinal] main{ExitableDirectoryReader(UninvertingDirectoryReader(Uninverting(_3tu(7.6.0):C3952) Uninverting(_44e(7.6.0):c343) Uninverting(_44f(7.6.0):C1)))}
2019-04-10 09:22:32.356 INFO  (searcherExecutor-11-thread-1-processing-x:twitterClassificationFinal) [   x:twitterClassificationFinal] o.a.s.c.SolrCore [twitterClassificationFinal] Registered new searcher Searcher@4cce54d6[twitterClassificationFinal] main{ExitableDirectoryReader(UninvertingDirectoryReader(Uninverting(_dov(7.6.0):C14428) Uninverting(_g61(7.6.0):C2890) Uninverting(_g62(7.6.0):C1) Uninverting(_g63(7.6.0):C1) Uninverting(_g64(7.6.0):C1) Uninverting(_g65(7.6.0):C1) Uninverting(_g66(7.6.0):C1) Uninverting(_g67(7.6.0):C1) Uninverting(_g68(7.6.0):C1)))}
2019-04-10 09:23:01.921 INFO  (qtp296347592-20) [   ] o.a.s.s.HttpSolrCall [admin] webapp=null path=/admin/cores params={indexInfo=false&wt=json&_=1554887936536} status=0 QTime=0
2019-04-10 09:23:01.943 INFO  (qtp296347592-22) [   ] o.a.s.s.HttpSolrCall [admin] webapp=null path=/admin/cores params={wt=json&_=1554887936536} status=0 QTime=21
2019-04-10 09:23:01.975 INFO  (qtp296347592-24) [   ] o.a.s.s.HttpSolrCall [admin] webapp=null path=/admin/info/system params={wt=json&_=1554887936536} status=0 QTime=53
2019-04-10 09:23:01.984 INFO  (qtp296347592-15) [   ] o.a.s.s.HttpSolrCall [admin] webapp=null path=/admin/cores params={indexInfo=false&wt=json&_=1554887936536} status=0 QTime=0
2019-04-10 09:23:01.998 INFO  (qtp296347592-24) [   ] o.a.s.s.HttpSolrCall [admin] webapp=null path=/admin/cores params={wt=json&_=1554887936536} status=0 QTime=11
2019-04-10 09:23:02.027 INFO  (qtp296347592-21) [   ] o.a.s.s.HttpSolrCall [admin] webapp=null path=/admin/info/system params={wt=json&_=1554887936536} status=0 QTime=43
2019-04-10 09:23:04.088 INFO  (qtp296347592-20) [   ] o.a.s.s.HttpSolrCall [admin] webapp=null path=/admin/cores params={indexInfo=false&wt=json&_=1554887936536} status=0 QTime=0
2019-04-10 09:23:04.096 INFO  (qtp296347592-21) [   x:twitterClassificationFinal] o.a.s.c.S.Request [twitterClassificationFinal]  webapp=/solr path=/admin/luke params={numTerms=0&show=index&wt=json&_=1554887940035} status=0 QTime=3
2019-04-10 09:23:04.104 INFO  (qtp296347592-20) [   x:twitterClassificationFinal] o.a.s.c.S.Request [twitterClassificationFinal]  webapp=/solr path=/admin/ping params={action=status&wt=json&_=1554887936536&ts=1554887936536} status=503 QTime=1
2019-04-10 09:23:04.105 INFO  (qtp296347592-24) [   x:twitterClassificationFinal] o.a.s.c.S.Request [twitterClassificationFinal]  webapp=/solr path=/replication params={wt=json&command=details&_=1554887940035} status=0 QTime=10
2019-04-10 09:23:04.170 INFO  (qtp296347592-17) [   x:twitterClassificationFinal] o.a.s.c.S.Request [twitterClassificationFinal]  webapp=/solr path=/admin/system params={wt=json&_=1554887940035} status=0 QTime=72
2019-04-10 09:23:04.171 INFO  (qtp296347592-18) [   ] o.a.s.s.HttpSolrCall [admin] webapp=null path=/admin/info/system params={wt=json&_=1554887936536} status=0 QTime=81
2019-04-10 09:23:06.284 INFO  (qtp296347592-15) [   ] o.a.s.s.HttpSolrCall [admin] webapp=null path=/admin/cores params={indexInfo=false&wt=json&_=1554887936536} status=0 QTime=0
2019-04-10 09:23:06.288 INFO  (qtp296347592-17) [   x:airlineClassificationFinal] o.a.s.c.S.Request [airlineClassificationFinal]  webapp=/solr path=/admin/luke params={numTerms=0&show=index&wt=json&_=1554887940035} status=0 QTime=0
2019-04-10 09:23:06.292 INFO  (qtp296347592-15) [   x:airlineClassificationFinal] o.a.s.c.S.Request [airlineClassificationFinal]  webapp=/solr path=/replication params={wt=json&command=details&_=1554887940035} status=0 QTime=3
2019-04-10 09:23:06.294 INFO  (qtp296347592-16) [   x:airlineClassificationFinal] o.a.s.c.S.Request [airlineClassificationFinal]  webapp=/solr path=/admin/ping params={action=status&wt=json&_=1554887936536&ts=1554887936536} status=503 QTime=0
2019-04-10 09:23:06.369 INFO  (qtp296347592-38) [   ] o.a.s.s.HttpSolrCall [admin] webapp=null path=/admin/info/system params={wt=json&_=1554887936536} status=0 QTime=83
2019-04-10 09:23:06.369 INFO  (qtp296347592-24) [   x:airlineClassificationFinal] o.a.s.c.S.Request [airlineClassificationFinal]  webapp=/solr path=/admin/system params={wt=json&_=1554887940035} status=0 QTime=76
